<?xml version="1.0" encoding="UTF-8"?>
<testng-results skipped="0" failed="0" ignored="0" total="1" passed="1">
  <reporter-output>
  </reporter-output>
  <suite name="Default suite" duration-ms="43905" started-at="2018-06-16T05:19:25Z" finished-at="2018-06-16T05:20:09Z">
    <groups>
    </groups>
    <test name="Default test" duration-ms="43905" started-at="2018-06-16T05:19:25Z" finished-at="2018-06-16T05:20:09Z">
      <class name="samplegittest.SampleGitTest">
        <test-method status="PASS" signature="loginTest()[pri:0, instance:samplegittest.SampleGitTest@23d2a7e8]" name="loginTest" duration-ms="41635" started-at="2018-06-16T05:19:27Z" finished-at="2018-06-16T05:20:09Z">
          <reporter-output>
          </reporter-output>
        </test-method> <!-- loginTest -->
      </class> <!-- samplegittest.SampleGitTest -->
    </test> <!-- Default test -->
  </suite> <!-- Default suite -->
</testng-results>
